RUN	sole.solesimulation	solesimulation	1556370976748	 	3.1.1
USER	solesimulation	2	START	1556370979180	1556370979180
USER	solesimulation	3	START	1556370979180	1556370979180
USER	solesimulation	1	START	1556370979180	1556370979180
REQUEST	2		request_0	1556370979215	1556370980358	OK	 
REQUEST	2		request_1	1556370980446	1556370980536	KO	status.find.is(403), but actually found 401
REQUEST	1		request_0	1556370979215	1556370980574	OK	 
REQUEST	1		request_1	1556370980576	1556370980646	KO	status.find.is(403), but actually found 401
REQUEST	3		request_0	1556370979215	1556370980731	OK	 
REQUEST	3		request_1	1556370980735	1556370980830	KO	status.find.is(403), but actually found 401
REQUEST	2		request_2	1556370981570	1556370981647	OK	 
REQUEST	2		request_3	1556370981655	1556370981731	OK	 
REQUEST	1		request_2	1556370981668	1556370981748	OK	 
REQUEST	1		request_3	1556370981751	1556370981836	OK	 
REQUEST	3		request_2	1556370981868	1556370981940	OK	 
REQUEST	2		request_5	1556370981656	1556370981998	OK	 
REQUEST	2		request_4	1556370981656	1556370982005	OK	 
REQUEST	2		request_6	1556370981657	1556370982014	KO	status.find.is(403), but actually found 401
REQUEST	3		request_3	1556370981942	1556370982040	OK	 
REQUEST	1		request_5	1556370981752	1556370982043	OK	 
REQUEST	2		request_5	1556370982004	1556370982112	OK	 
REQUEST	1		request_6	1556370981753	1556370982122	KO	status.find.is(403), but actually found 401
REQUEST	1		request_4	1556370981752	1556370982133	OK	 
REQUEST	1		request_5	1556370982044	1556370982152	OK	 
REQUEST	3		request_4	1556370981942	1556370982324	OK	 
REQUEST	3		request_5	1556370981943	1556370982326	OK	 
REQUEST	3		request_6	1556370981943	1556370982341	KO	status.find.is(403), but actually found 401
REQUEST	3		request_5	1556370982327	1556370982481	OK	 
REQUEST	2		request_8	1556370986129	1556370986201	OK	 
REQUEST	1		request_8	1556370986169	1556370986235	OK	 
REQUEST	1		request_10	1556370986239	1556370986345	OK	 
REQUEST	2		request_10	1556370986205	1556370986451	OK	 
REQUEST	1		request_9	1556370986238	1556370986455	OK	 
REQUEST	1		request_12	1556370986239	1556370986461	OK	 
REQUEST	2		request_12	1556370986205	1556370986464	OK	 
REQUEST	3		request_8	1556370986469	1556370986616	OK	 
REQUEST	2		request_9	1556370986204	1556370986621	OK	 
REQUEST	1		request_12	1556370986462	1556370986647	KO	status.find.is(404), but actually found 200
REQUEST	2		request_12	1556370986465	1556370986664	KO	status.find.is(404), but actually found 200
REQUEST	3		request_10	1556370986625	1556370986833	OK	 
REQUEST	3		request_9	1556370986623	1556370986834	OK	 
REQUEST	3		request_12	1556370986626	1556370986836	OK	 
REQUEST	1		request_13	1556370986238	1556370986877	OK	 
REQUEST	3		request_13	1556370986621	1556370987097	OK	 
REQUEST	3		request_12	1556370986838	1556370987203	KO	status.find.is(404), but actually found 200
REQUEST	2		request_13	1556370986203	1556370987421	OK	 
REQUEST	1		request_14	1556370996879	1556370997054	OK	 
USER	solesimulation	1	END	1556370979180	1556370997063
REQUEST	3		request_14	1556370997209	1556370997260	OK	 
USER	solesimulation	3	END	1556370979180	1556370997262
REQUEST	2		request_14	1556370997410	1556370997572	OK	 
USER	solesimulation	2	END	1556370979180	1556370997574
